<?xml version="1.0" encoding="UTF-8"?>
<testng-results ignored="0" total="1" passed="1" failed="0" skipped="0">
  <reporter-output>
  </reporter-output>
  <suite started-at="2022-11-29T23:35:27 IST" name="Default suite" finished-at="2022-11-29T23:35:37 IST" duration-ms="10310">
    <groups>
    </groups>
    <test started-at="2022-11-29T23:35:27 IST" name="Default test" finished-at="2022-11-29T23:35:37 IST" duration-ms="10310">
      <class name="seleniumJavaFramework.browserTest6_testNG6">
        <test-method is-config="true" signature="setUpTest()[pri:0, instance:seleniumJavaFramework.browserTest6_testNG6@6c80d78a]" started-at="2022-11-29T23:35:27 IST" name="setUpTest" finished-at="2022-11-29T23:35:28 IST" duration-ms="1722" status="PASS">
          <reporter-output>
          </reporter-output>
        </test-method> <!-- setUpTest -->
        <test-method signature="test()[pri:0, instance:seleniumJavaFramework.browserTest6_testNG6@6c80d78a]" started-at="2022-11-29T23:35:28 IST" name="test" finished-at="2022-11-29T23:35:37 IST" duration-ms="8293" status="PASS">
          <reporter-output>
          </reporter-output>
        </test-method> <!-- test -->
        <test-method is-config="true" signature="tearDownTest()[pri:0, instance:seleniumJavaFramework.browserTest6_testNG6@6c80d78a]" started-at="2022-11-29T23:35:37 IST" name="tearDownTest" finished-at="2022-11-29T23:35:37 IST" duration-ms="264" status="PASS">
          <reporter-output>
          </reporter-output>
        </test-method> <!-- tearDownTest -->
      </class> <!-- seleniumJavaFramework.browserTest6_testNG6 -->
    </test> <!-- Default test -->
  </suite> <!-- Default suite -->
</testng-results>
